<?xml version="1.0" encoding="UTF-8"?>
<!-- Generated by org.testng.reporters.JUnitReportReporter -->
<testsuite hostname="LAPTOP-CPTC2M6Q" failures="0" tests="2" name="test.com.testR1" time="0.041" errors="0" timestamp="2023-04-26T07:22:30 IST" skipped="0">
  <testcase classname="test.com.testR1" name="loginTest" time="0.020"/>
  <system-out/>
  <testcase classname="test.com.testR1" name="loginTest2" time="0.021"/>
  <system-out/>
</testsuite> <!-- test.com.testR1 -->
