<?xml version="1.0" encoding="UTF-8"?>
<!-- Generated by org.testng.reporters.JUnitReportReporter -->
<testsuite hostname="LAPTOP-CPTC2M6Q" failures="0" tests="2" name="test.com.testR6" time="0.046" errors="0" timestamp="2023-04-27T08:00:25 IST" skipped="0">
  <testcase classname="test.com.testR6" name="testcaseTwo" time="0.006"/>
  <system-out/>
  <testcase classname="test.com.testR6" name="testcaseOne" time="0.040"/>
  <system-out/>
</testsuite> <!-- test.com.testR6 -->
