<?xml version="1.0" encoding="UTF-8"?>
<!-- Generated by org.testng.reporters.JUnitReportReporter -->
<testsuite hostname="LAPTOP-CPTC2M6Q" failures="0" tests="6" name="test.com.testR5" time="0.048" errors="0" timestamp="2023-05-02T07:38:33 IST" skipped="0">
  <testcase classname="test.com.testR5" name="testcase4" time="0.001"/>
  <system-out/>
  <testcase classname="test.com.testR5" name="testcase5" time="0.002"/>
  <system-out/>
  <testcase classname="test.com.testR5" name="testcase2" time="0.032"/>
  <system-out/>
  <testcase classname="test.com.testR5" name="testcase1" time="0.003"/>
  <system-out/>
  <testcase classname="test.com.testR5" name="testcase3" time="0.004"/>
  <system-out/>
  <testcase classname="test.com.testR5" name="testcase6" time="0.006"/>
  <system-out/>
</testsuite> <!-- test.com.testR5 -->
