<?xml version="1.0" encoding="UTF-8"?>
<!-- Generated by org.testng.reporters.JUnitReportReporter -->
<testsuite hostname="LAPTOP-CPTC2M6Q" failures="0" tests="1" name="test.com.TestR3" time="0.026" errors="0" timestamp="2023-04-26T07:37:15 IST" skipped="0">
  <testcase classname="test.com.TestR3" name="testcase1" time="0.026"/>
  <system-out/>
</testsuite> <!-- test.com.TestR3 -->
