<?xml version="1.0" encoding="UTF-8"?>
<!-- Generated by org.testng.reporters.JUnitReportReporter -->
<testsuite hostname="LAPTOP-CPTC2M6Q" failures="0" tests="2" name="test.com.testR2" time="0.010" errors="0" timestamp="2023-04-26T07:22:30 IST" skipped="0">
  <testcase classname="test.com.testR2" name="loginTest" time="0.003"/>
  <system-out/>
  <testcase classname="test.com.testR2" name="loginTest2" time="0.007"/>
  <system-out/>
</testsuite> <!-- test.com.testR2 -->
