<?xml version="1.0" encoding="UTF-8"?>
<!-- Generated by org.testng.reporters.JUnitReportReporter -->
<testsuite hostname="LAPTOP-CPTC2M6Q" failures="0" tests="4" name="test.com.testR12" time="0.079" errors="0" timestamp="2023-05-02T07:32:40 IST" skipped="0">
  <testcase classname="test.com.testR12" name="B" time="0.025"/>
  <system-out/>
  <testcase classname="test.com.testR12" name="E" time="0.007"/>
  <system-out/>
  <testcase classname="test.com.testR12" name="A" time="0.042"/>
  <system-out/>
  <testcase classname="test.com.testR12" name="C" time="0.005"/>
  <system-out/>
</testsuite> <!-- test.com.testR12 -->
