<?xml version="1.0" encoding="UTF-8"?>
<!-- Generated by org.testng.reporters.JUnitReportReporter -->
<testsuite hostname="LAPTOP-CPTC2M6Q" failures="0" tests="4" name="test.com.TestR4" time="0.047" errors="0" timestamp="2023-04-26T07:47:25 IST" skipped="0">
  <testcase classname="test.com.TestR4" name="da" time="0.035"/>
  <system-out/>
  <testcase classname="test.com.TestR4" name="ca" time="0.002"/>
  <system-out/>
  <testcase classname="test.com.TestR4" name="beta" time="0.007"/>
  <system-out/>
  <testcase classname="test.com.TestR4" name="alpha" time="0.003"/>
  <system-out/>
</testsuite> <!-- test.com.TestR4 -->
