<?xml version="1.0" encoding="UTF-8"?>
<!-- Generated by org.testng.reporters.JUnitReportReporter -->
<testsuite hostname="LAPTOP-CPTC2M6Q" failures="0" tests="4" name="test.com.testR5" time="0.048" errors="0" timestamp="2023-04-27T07:50:33 IST" skipped="0">
  <testcase classname="test.com.testR5" name="testcase6" time="0.004"/>
  <system-out/>
  <testcase classname="test.com.testR5" name="testcase1" time="0.037"/>
  <system-out/>
  <testcase classname="test.com.testR5" name="testcase3" time="0.004"/>
  <system-out/>
  <testcase classname="test.com.testR5" name="testcase2" time="0.003"/>
  <system-out/>
</testsuite> <!-- test.com.testR5 -->
